
  .   ____          _            __ _ _
 /\\ / ___'_ __ _ _(_)_ __  __ _ \ \ \ \
( ( )\___ | '_ | '_| | '_ \/ _` | \ \ \ \
 \\/  ___)| |_)| | | | | || (_| |  ) ) ) )
  '  |____| .__|_| |_|_| |_\__, | / / / /
 =========|_|==============|___/=/_/_/_/

 :: Spring Boot ::                (v3.4.0)

2025-03-06T01:33:40.395+05:30  INFO 3156 --- [Backend_GI] [           main] c.e.Backend_GI.BackendGiApplication      : Starting BackendGiApplication v0.0.1-SNAPSHOT using Java 21.0.3 with PID 3156 (/Users/shivam/Desktop/GrowIndigo/scope3-gis3_trace/Backend_GI/target/Backend_GI-0.0.1-SNAPSHOT.jar started by shivam in /Users/shivam/Desktop/GrowIndigo/scope3-gis3_trace/Backend_GI)
2025-03-06T01:33:40.397+05:30  INFO 3156 --- [Backend_GI] [           main] c.e.Backend_GI.BackendGiApplication      : No active profile set, falling back to 1 default profile: "default"
2025-03-06T01:33:40.760+05:30  INFO 3156 --- [Backend_GI] [           main] .s.d.r.c.RepositoryConfigurationDelegate : Bootstrapping Spring Data JPA repositories in DEFAULT mode.
2025-03-06T01:33:40.857+05:30  INFO 3156 --- [Backend_GI] [           main] .s.d.r.c.RepositoryConfigurationDelegate : Finished Spring Data repository scanning in 93 ms. Found 8 JPA repository interfaces.
2025-03-06T01:33:41.165+05:30  INFO 3156 --- [Backend_GI] [           main] o.s.b.w.embedded.tomcat.TomcatWebServer  : Tomcat initialized with port 8030 (http)
2025-03-06T01:33:41.175+05:30  INFO 3156 --- [Backend_GI] [           main] o.apache.catalina.core.StandardService   : Starting service [Tomcat]
2025-03-06T01:33:41.175+05:30  INFO 3156 --- [Backend_GI] [           main] o.apache.catalina.core.StandardEngine    : Starting Servlet engine: [Apache Tomcat/10.1.33]
2025-03-06T01:33:41.195+05:30  INFO 3156 --- [Backend_GI] [           main] o.a.c.c.C.[Tomcat].[localhost].[/]       : Initializing Spring embedded WebApplicationContext
2025-03-06T01:33:41.195+05:30  INFO 3156 --- [Backend_GI] [           main] w.s.c.ServletWebServerApplicationContext : Root WebApplicationContext: initialization completed in 778 ms
2025-03-06T01:33:41.291+05:30  INFO 3156 --- [Backend_GI] [           main] o.hibernate.jpa.internal.util.LogHelper  : HHH000204: Processing PersistenceUnitInfo [name: default]
2025-03-06T01:33:41.315+05:30  INFO 3156 --- [Backend_GI] [           main] org.hibernate.Version                    : HHH000412: Hibernate ORM core version 6.6.2.Final
2025-03-06T01:33:41.329+05:30  INFO 3156 --- [Backend_GI] [           main] o.h.c.internal.RegionFactoryInitiator    : HHH000026: Second-level cache disabled
2025-03-06T01:33:41.460+05:30  INFO 3156 --- [Backend_GI] [           main] o.s.o.j.p.SpringPersistenceUnitInfo      : No LoadTimeWeaver setup: ignoring JPA class transformer
2025-03-06T01:33:41.476+05:30  INFO 3156 --- [Backend_GI] [           main] com.zaxxer.hikari.HikariDataSource       : HikariPool-1 - Starting...
2025-03-06T01:33:41.620+05:30  INFO 3156 --- [Backend_GI] [           main] com.zaxxer.hikari.pool.HikariPool        : HikariPool-1 - Added connection org.postgresql.jdbc.PgConnection@26463a6
2025-03-06T01:33:41.621+05:30  INFO 3156 --- [Backend_GI] [           main] com.zaxxer.hikari.HikariDataSource       : HikariPool-1 - Start completed.
2025-03-06T01:33:41.653+05:30  INFO 3156 --- [Backend_GI] [           main] org.hibernate.orm.connections.pooling    : HHH10001005: Database info:
	Database JDBC URL [Connecting through datasource 'HikariDataSource (HikariPool-1)']
	Database driver: undefined/unknown
	Database version: 17.2
	Autocommit mode: undefined/unknown
	Isolation level: undefined/unknown
	Minimum pool size: undefined/unknown
	Maximum pool size: undefined/unknown
2025-03-06T01:33:42.111+05:30  INFO 3156 --- [Backend_GI] [           main] o.h.e.t.j.p.i.JtaPlatformInitiator       : HHH000489: No JTA platform available (set 'hibernate.transaction.jta.platform' to enable JTA platform integration)
2025-03-06T01:33:42.169+05:30  INFO 3156 --- [Backend_GI] [           main] j.LocalContainerEntityManagerFactoryBean : Initialized JPA EntityManagerFactory for persistence unit 'default'
2025-03-06T01:33:42.326+05:30  INFO 3156 --- [Backend_GI] [           main] o.s.d.j.r.query.QueryEnhancerFactory     : Hibernate is in classpath; If applicable, HQL parser will be used.
2025-03-06T01:33:42.449+05:30  WARN 3156 --- [Backend_GI] [           main] JpaBaseConfiguration$JpaWebConfiguration : spring.jpa.open-in-view is enabled by default. Therefore, database queries may be performed during view rendering. Explicitly configure spring.jpa.open-in-view to disable this warning
2025-03-06T01:33:42.761+05:30  INFO 3156 --- [Backend_GI] [           main] o.s.b.w.embedded.tomcat.TomcatWebServer  : Tomcat started on port 8030 (http) with context path '/'
2025-03-06T01:33:42.766+05:30  INFO 3156 --- [Backend_GI] [           main] c.e.Backend_GI.BackendGiApplication      : Started BackendGiApplication in 2.601 seconds (process running for 2.906)
2025-03-06T01:33:47.509+05:30  INFO 3156 --- [Backend_GI] [nio-8030-exec-1] o.a.c.c.C.[Tomcat].[localhost].[/]       : Initializing Spring DispatcherServlet 'dispatcherServlet'
2025-03-06T01:33:47.509+05:30  INFO 3156 --- [Backend_GI] [nio-8030-exec-1] o.s.web.servlet.DispatcherServlet        : Initializing Servlet 'dispatcherServlet'
2025-03-06T01:33:47.511+05:30  INFO 3156 --- [Backend_GI] [nio-8030-exec-1] o.s.web.servlet.DispatcherServlet        : Completed initialization in 2 ms
2025-03-06T01:33:47.584+05:30 DEBUG 3156 --- [Backend_GI] [nio-8030-exec-1] org.hibernate.SQL                        : DO $$ BEGIN PERFORM setval('mandi_master_id_seq_a', COALESCE((SELECT MAX(id) FROM mandi_master), 1)); END $$;
Hibernate: DO $$ BEGIN PERFORM setval('mandi_master_id_seq_a', COALESCE((SELECT MAX(id) FROM mandi_master), 1)); END $$;
2025-03-06T01:33:47.611+05:30 DEBUG 3156 --- [Backend_GI] [nio-8030-exec-1] org.hibernate.SQL                        : select nextval('mandi_master_id_seq_a')
Hibernate: select nextval('mandi_master_id_seq_a')
2025-03-06T01:33:47.623+05:30 DEBUG 3156 --- [Backend_GI] [nio-8030-exec-1] org.hibernate.SQL                        : insert into mandi_master (district,mandi_name,state,id) values (?,?,?,?)
Hibernate: insert into mandi_master (district,mandi_name,state,id) values (?,?,?,?)
2025-03-06T01:33:47.624+05:30 TRACE 3156 --- [Backend_GI] [nio-8030-exec-1] org.hibernate.orm.jdbc.bind              : binding parameter (1:VARCHAR) <- [null]
2025-03-06T01:33:47.624+05:30 TRACE 3156 --- [Backend_GI] [nio-8030-exec-1] org.hibernate.orm.jdbc.bind              : binding parameter (2:VARCHAR) <- [Something]
2025-03-06T01:33:47.624+05:30 TRACE 3156 --- [Backend_GI] [nio-8030-exec-1] org.hibernate.orm.jdbc.bind              : binding parameter (3:VARCHAR) <- [null]
2025-03-06T01:33:47.624+05:30 TRACE 3156 --- [Backend_GI] [nio-8030-exec-1] org.hibernate.orm.jdbc.bind              : binding parameter (4:INTEGER) <- [15]
2025-03-06T01:33:59.705+05:30 DEBUG 3156 --- [Backend_GI] [nio-8030-exec-3] org.hibernate.SQL                        : DO $$ BEGIN PERFORM setval('mandi_master_id_seq_a', COALESCE((SELECT MAX(id) FROM mandi_master), 1)); END $$;
Hibernate: DO $$ BEGIN PERFORM setval('mandi_master_id_seq_a', COALESCE((SELECT MAX(id) FROM mandi_master), 1)); END $$;
2025-03-06T01:33:59.709+05:30 DEBUG 3156 --- [Backend_GI] [nio-8030-exec-3] org.hibernate.SQL                        : select nextval('mandi_master_id_seq_a')
Hibernate: select nextval('mandi_master_id_seq_a')
2025-03-06T01:33:59.710+05:30 DEBUG 3156 --- [Backend_GI] [nio-8030-exec-3] org.hibernate.SQL                        : insert into mandi_master (district,mandi_name,state,id) values (?,?,?,?)
Hibernate: insert into mandi_master (district,mandi_name,state,id) values (?,?,?,?)
2025-03-06T01:33:59.710+05:30 TRACE 3156 --- [Backend_GI] [nio-8030-exec-3] org.hibernate.orm.jdbc.bind              : binding parameter (1:VARCHAR) <- [null]
2025-03-06T01:33:59.710+05:30 TRACE 3156 --- [Backend_GI] [nio-8030-exec-3] org.hibernate.orm.jdbc.bind              : binding parameter (2:VARCHAR) <- [Testing from Deployed Code]
2025-03-06T01:33:59.710+05:30 TRACE 3156 --- [Backend_GI] [nio-8030-exec-3] org.hibernate.orm.jdbc.bind              : binding parameter (3:VARCHAR) <- [null]
2025-03-06T01:33:59.710+05:30 TRACE 3156 --- [Backend_GI] [nio-8030-exec-3] org.hibernate.orm.jdbc.bind              : binding parameter (4:INTEGER) <- [16]
2025-03-06T01:34:34.045+05:30  INFO 3156 --- [Backend_GI] [ionShutdownHook] o.s.b.w.e.tomcat.GracefulShutdown        : Commencing graceful shutdown. Waiting for active requests to complete
2025-03-06T01:34:34.052+05:30  INFO 3156 --- [Backend_GI] [tomcat-shutdown] o.s.b.w.e.tomcat.GracefulShutdown        : Graceful shutdown complete
2025-03-06T01:34:34.092+05:30  INFO 3156 --- [Backend_GI] [ionShutdownHook] j.LocalContainerEntityManagerFactoryBean : Closing JPA EntityManagerFactory for persistence unit 'default'
2025-03-06T01:34:34.097+05:30  INFO 3156 --- [Backend_GI] [ionShutdownHook] com.zaxxer.hikari.HikariDataSource       : HikariPool-1 - Shutdown initiated...
2025-03-06T01:34:34.099+05:30  INFO 3156 --- [Backend_GI] [ionShutdownHook] com.zaxxer.hikari.HikariDataSource       : HikariPool-1 - Shutdown completed.
