
  .   ____          _            __ _ _
 /\\ / ___'_ __ _ _(_)_ __  __ _ \ \ \ \
( ( )\___ | '_ | '_| | '_ \/ _` | \ \ \ \
 \\/  ___)| |_)| | | | | || (_| |  ) ) ) )
  '  |____| .__|_| |_|_| |_\__, | / / / /
 =========|_|==============|___/=/_/_/_/

 :: Spring Boot ::                (v3.4.3)

2025-03-25T01:47:38.343+05:30  INFO 26171 --- [Backend] [           main] com.example.Backend.BackendApplication   : Starting BackendApplication v0.0.1-SNAPSHOT using Java 21.0.3 with PID 26171 (/Users/shivam/Desktop/GrowIndigo/scope3-adminpanel/Backend/target/Backend-0.0.1-SNAPSHOT.jar started by shivam in /Users/shivam/Desktop/GrowIndigo/scope3-adminpanel/Backend)
2025-03-25T01:47:38.344+05:30  INFO 26171 --- [Backend] [           main] com.example.Backend.BackendApplication   : No active profile set, falling back to 1 default profile: "default"
2025-03-25T01:47:38.663+05:30  INFO 26171 --- [Backend] [           main] .s.d.r.c.RepositoryConfigurationDelegate : Multiple Spring Data modules found, entering strict repository configuration mode
2025-03-25T01:47:38.663+05:30  INFO 26171 --- [Backend] [           main] .s.d.r.c.RepositoryConfigurationDelegate : Bootstrapping Spring Data JDBC repositories in DEFAULT mode.
2025-03-25T01:47:38.675+05:30  INFO 26171 --- [Backend] [           main] .RepositoryConfigurationExtensionSupport : Spring Data JDBC - Could not safely identify store assignment for repository candidate interface com.example.Backend.Repository.ActorRepository; If you want this repository to be a JDBC repository, consider annotating your entities with one of these annotations: org.springframework.data.relational.core.mapping.Table.
2025-03-25T01:47:38.676+05:30  INFO 26171 --- [Backend] [           main] .RepositoryConfigurationExtensionSupport : Spring Data JDBC - Could not safely identify store assignment for repository candidate interface com.example.Backend.Repository.ProjectLevelRepository; If you want this repository to be a JDBC repository, consider annotating your entities with one of these annotations: org.springframework.data.relational.core.mapping.Table.
2025-03-25T01:47:38.676+05:30  INFO 26171 --- [Backend] [           main] .RepositoryConfigurationExtensionSupport : Spring Data JDBC - Could not safely identify store assignment for repository candidate interface com.example.Backend.Repository.ProjectRepository; If you want this repository to be a JDBC repository, consider annotating your entities with one of these annotations: org.springframework.data.relational.core.mapping.Table.
2025-03-25T01:47:38.677+05:30  INFO 26171 --- [Backend] [           main] .RepositoryConfigurationExtensionSupport : Spring Data JDBC - Could not safely identify store assignment for repository candidate interface com.example.Backend.Repository.QCUserRepository; If you want this repository to be a JDBC repository, consider annotating your entities with one of these annotations: org.springframework.data.relational.core.mapping.Table.
2025-03-25T01:47:38.677+05:30  INFO 26171 --- [Backend] [           main] .s.d.r.c.RepositoryConfigurationDelegate : Finished Spring Data repository scanning in 11 ms. Found 0 JDBC repository interfaces.
2025-03-25T01:47:38.682+05:30  INFO 26171 --- [Backend] [           main] .s.d.r.c.RepositoryConfigurationDelegate : Multiple Spring Data modules found, entering strict repository configuration mode
2025-03-25T01:47:38.682+05:30  INFO 26171 --- [Backend] [           main] .s.d.r.c.RepositoryConfigurationDelegate : Bootstrapping Spring Data JPA repositories in DEFAULT mode.
2025-03-25T01:47:38.694+05:30  INFO 26171 --- [Backend] [           main] .s.d.r.c.RepositoryConfigurationDelegate : Finished Spring Data repository scanning in 10 ms. Found 4 JPA repository interfaces.
2025-03-25T01:47:38.952+05:30  INFO 26171 --- [Backend] [           main] o.s.b.w.embedded.tomcat.TomcatWebServer  : Tomcat initialized with port 8033 (http)
2025-03-25T01:47:38.963+05:30  INFO 26171 --- [Backend] [           main] o.apache.catalina.core.StandardService   : Starting service [Tomcat]
2025-03-25T01:47:38.963+05:30  INFO 26171 --- [Backend] [           main] o.apache.catalina.core.StandardEngine    : Starting Servlet engine: [Apache Tomcat/10.1.36]
2025-03-25T01:47:38.977+05:30  INFO 26171 --- [Backend] [           main] o.a.c.c.C.[Tomcat].[localhost].[/]       : Initializing Spring embedded WebApplicationContext
2025-03-25T01:47:38.977+05:30  INFO 26171 --- [Backend] [           main] w.s.c.ServletWebServerApplicationContext : Root WebApplicationContext: initialization completed in 609 ms
2025-03-25T01:47:39.045+05:30  INFO 26171 --- [Backend] [           main] o.hibernate.jpa.internal.util.LogHelper  : HHH000204: Processing PersistenceUnitInfo [name: default]
2025-03-25T01:47:39.066+05:30  INFO 26171 --- [Backend] [           main] org.hibernate.Version                    : HHH000412: Hibernate ORM core version 6.6.8.Final
2025-03-25T01:47:39.079+05:30  INFO 26171 --- [Backend] [           main] o.h.c.internal.RegionFactoryInitiator    : HHH000026: Second-level cache disabled
2025-03-25T01:47:39.203+05:30  INFO 26171 --- [Backend] [           main] o.s.o.j.p.SpringPersistenceUnitInfo      : No LoadTimeWeaver setup: ignoring JPA class transformer
2025-03-25T01:47:39.217+05:30  INFO 26171 --- [Backend] [           main] com.zaxxer.hikari.HikariDataSource       : HikariPool-1 - Starting...
2025-03-25T01:47:39.331+05:30  INFO 26171 --- [Backend] [           main] com.zaxxer.hikari.pool.HikariPool        : HikariPool-1 - Added connection org.postgresql.jdbc.PgConnection@48c5698
2025-03-25T01:47:39.332+05:30  INFO 26171 --- [Backend] [           main] com.zaxxer.hikari.HikariDataSource       : HikariPool-1 - Start completed.
2025-03-25T01:47:39.361+05:30  INFO 26171 --- [Backend] [           main] org.hibernate.orm.connections.pooling    : HHH10001005: Database info:
	Database JDBC URL [Connecting through datasource 'HikariDataSource (HikariPool-1)']
	Database driver: undefined/unknown
	Database version: 17.2
	Autocommit mode: undefined/unknown
	Isolation level: undefined/unknown
	Minimum pool size: undefined/unknown
	Maximum pool size: undefined/unknown
2025-03-25T01:47:39.736+05:30  INFO 26171 --- [Backend] [           main] o.h.e.t.j.p.i.JtaPlatformInitiator       : HHH000489: No JTA platform available (set 'hibernate.transaction.jta.platform' to enable JTA platform integration)
2025-03-25T01:47:39.771+05:30  INFO 26171 --- [Backend] [           main] j.LocalContainerEntityManagerFactoryBean : Initialized JPA EntityManagerFactory for persistence unit 'default'
2025-03-25T01:47:39.886+05:30  INFO 26171 --- [Backend] [           main] o.s.d.j.r.query.QueryEnhancerFactory     : Hibernate is in classpath; If applicable, HQL parser will be used.
2025-03-25T01:47:39.963+05:30  WARN 26171 --- [Backend] [           main] JpaBaseConfiguration$JpaWebConfiguration : spring.jpa.open-in-view is enabled by default. Therefore, database queries may be performed during view rendering. Explicitly configure spring.jpa.open-in-view to disable this warning
2025-03-25T01:47:40.296+05:30  INFO 26171 --- [Backend] [           main] o.s.b.w.embedded.tomcat.TomcatWebServer  : Tomcat started on port 8033 (http) with context path '/'
2025-03-25T01:47:40.301+05:30  INFO 26171 --- [Backend] [           main] com.example.Backend.BackendApplication   : Started BackendApplication in 2.159 seconds (process running for 2.442)
2025-03-25T01:47:50.451+05:30  INFO 26171 --- [Backend] [ionShutdownHook] o.s.b.w.e.tomcat.GracefulShutdown        : Commencing graceful shutdown. Waiting for active requests to complete
2025-03-25T01:47:50.455+05:30  INFO 26171 --- [Backend] [tomcat-shutdown] o.s.b.w.e.tomcat.GracefulShutdown        : Graceful shutdown complete
2025-03-25T01:47:50.459+05:30  INFO 26171 --- [Backend] [ionShutdownHook] j.LocalContainerEntityManagerFactoryBean : Closing JPA EntityManagerFactory for persistence unit 'default'
2025-03-25T01:47:50.460+05:30  INFO 26171 --- [Backend] [ionShutdownHook] com.zaxxer.hikari.HikariDataSource       : HikariPool-1 - Shutdown initiated...
2025-03-25T01:47:50.462+05:30  INFO 26171 --- [Backend] [ionShutdownHook] com.zaxxer.hikari.HikariDataSource       : HikariPool-1 - Shutdown completed.
