2025-03-17 23:36:26,336 INFO [restartedMain] c.e.B.BackendGiApplication [StartupInfoLogger.java:53] Starting BackendGiApplication using Java 21.0.3 with PID 79590 (/Users/shivam/Desktop/GrowIndigo/scope3-gis3_trace/Backend_GI/target/classes started by shivam in /Users/shivam/Desktop/GrowIndigo/scope3-gis3_trace/Backend_GI)
2025-03-17 23:36:26,340 INFO [restartedMain] c.e.B.BackendGiApplication [SpringApplication.java:652] No active profile set, falling back to 1 default profile: "default"
2025-03-17 23:36:26,361 INFO [restartedMain] o.s.b.d.e.DevToolsPropertyDefaultsPostProcessor [DeferredLog.java:252] Devtools property defaults active! Set 'spring.devtools.add-properties' to 'false' to disable
2025-03-17 23:36:26,362 INFO [restartedMain] o.s.b.d.e.DevToolsPropertyDefaultsPostProcessor [DeferredLog.java:252] For additional web related logging consider setting the 'logging.level.web' property to 'DEBUG'
2025-03-17 23:36:26,687 INFO [restartedMain] o.s.d.r.c.RepositoryConfigurationDelegate [RepositoryConfigurationDelegate.java:143] Bootstrapping Spring Data JPA repositories in DEFAULT mode.
2025-03-17 23:36:26,753 INFO [restartedMain] o.s.d.r.c.RepositoryConfigurationDelegate [RepositoryConfigurationDelegate.java:211] Finished Spring Data repository scanning in 62 ms. Found 8 JPA repository interfaces.
2025-03-17 23:36:27,129 INFO [restartedMain] o.s.b.w.e.t.TomcatWebServer [TomcatWebServer.java:111] Tomcat initialized with port 8030 (http)
2025-03-17 23:36:27,136 INFO [restartedMain] o.a.c.h.Http11NioProtocol [DirectJDKLog.java:173] Initializing ProtocolHandler ["http-nio-8030"]
2025-03-17 23:36:27,137 INFO [restartedMain] o.a.c.c.StandardService [DirectJDKLog.java:173] Starting service [Tomcat]
2025-03-17 23:36:27,137 INFO [restartedMain] o.a.c.c.StandardEngine [DirectJDKLog.java:173] Starting Servlet engine: [Apache Tomcat/10.1.33]
2025-03-17 23:36:27,162 INFO [restartedMain] o.a.c.c.C.[.[.[/] [DirectJDKLog.java:173] Initializing Spring embedded WebApplicationContext
2025-03-17 23:36:27,163 INFO [restartedMain] o.s.b.w.s.c.ServletWebServerApplicationContext [ServletWebServerApplicationContext.java:296] Root WebApplicationContext: initialization completed in 800 ms
2025-03-17 23:36:27,235 INFO [restartedMain] o.h.j.i.u.LogHelper [LogHelper.java:31] HHH000204: Processing PersistenceUnitInfo [name: default]
2025-03-17 23:36:27,264 INFO [restartedMain] o.h.Version [Version.java:44] HHH000412: Hibernate ORM core version 6.6.2.Final
2025-03-17 23:36:27,279 INFO [restartedMain] o.h.c.i.RegionFactoryInitiator [RegionFactoryInitiator.java:50] HHH000026: Second-level cache disabled
2025-03-17 23:36:27,394 INFO [restartedMain] o.s.o.j.p.SpringPersistenceUnitInfo [SpringPersistenceUnitInfo.java:87] No LoadTimeWeaver setup: ignoring JPA class transformer
2025-03-17 23:36:27,408 INFO [restartedMain] c.z.h.HikariDataSource [HikariDataSource.java:109] HikariPool-1 - Starting...
2025-03-17 23:36:27,548 INFO [restartedMain] c.z.h.p.HikariPool [HikariPool.java:554] HikariPool-1 - Added connection org.postgresql.jdbc.PgConnection@73585d6a
2025-03-17 23:36:27,549 INFO [restartedMain] c.z.h.HikariDataSource [HikariDataSource.java:122] HikariPool-1 - Start completed.
2025-03-17 23:36:27,597 INFO [restartedMain] o.h.o.c.pooling [JdbcEnvironmentInitiator.java:157] HHH10001005: Database info:
	Database JDBC URL [Connecting through datasource 'HikariDataSource (HikariPool-1)']
	Database driver: undefined/unknown
	Database version: 17.2
	Autocommit mode: undefined/unknown
	Isolation level: undefined/unknown
	Minimum pool size: undefined/unknown
	Maximum pool size: undefined/unknown
2025-03-17 23:36:28,048 INFO [restartedMain] o.h.e.t.j.p.i.JtaPlatformInitiator [JtaPlatformInitiator.java:59] HHH000489: No JTA platform available (set 'hibernate.transaction.jta.platform' to enable JTA platform integration)
2025-03-17 23:36:28,112 INFO [restartedMain] o.s.o.j.LocalContainerEntityManagerFactoryBean [AbstractEntityManagerFactoryBean.java:447] Initialized JPA EntityManagerFactory for persistence unit 'default'
2025-03-17 23:36:28,216 INFO [restartedMain] o.s.d.j.r.q.QueryEnhancerFactory [QueryEnhancerFactory.java:49] Hibernate is in classpath; If applicable, HQL parser will be used.
2025-03-17 23:36:28,568 WARN [restartedMain] o.s.b.a.o.j.JpaBaseConfiguration$JpaWebConfiguration [JpaBaseConfiguration.java:241] spring.jpa.open-in-view is enabled by default. Therefore, database queries may be performed during view rendering. Explicitly configure spring.jpa.open-in-view to disable this warning
2025-03-17 23:36:28,613 INFO [restartedMain] o.s.b.a.w.s.WelcomePageHandlerMapping [WelcomePageHandlerMapping.java:59] Adding welcome page: class path resource [static/index.html]
2025-03-17 23:36:28,809 INFO [restartedMain] o.s.b.d.a.OptionalLiveReloadServer [OptionalLiveReloadServer.java:59] LiveReload server is running on port 35729
2025-03-17 23:36:28,835 INFO [restartedMain] o.a.c.h.Http11NioProtocol [DirectJDKLog.java:173] Starting ProtocolHandler ["http-nio-8030"]
2025-03-17 23:36:28,844 INFO [restartedMain] o.s.b.w.e.t.TomcatWebServer [TomcatWebServer.java:243] Tomcat started on port 8030 (http) with context path '/'
2025-03-17 23:36:28,849 INFO [restartedMain] c.e.B.BackendGiApplication [StartupInfoLogger.java:59] Started BackendGiApplication in 2.845 seconds (process running for 3.427)
2025-03-17 23:36:52,425 INFO [http-nio-8030-exec-1] o.a.c.c.C.[.[.[/] [DirectJDKLog.java:173] Initializing Spring DispatcherServlet 'dispatcherServlet'
2025-03-17 23:36:52,428 INFO [http-nio-8030-exec-1] o.s.w.s.DispatcherServlet [FrameworkServlet.java:532] Initializing Servlet 'dispatcherServlet'
2025-03-17 23:36:52,442 INFO [http-nio-8030-exec-1] o.s.w.s.DispatcherServlet [FrameworkServlet.java:554] Completed initialization in 13 ms
2025-03-17 23:37:26,729 INFO [SpringApplicationShutdownHook] o.s.b.w.e.t.GracefulShutdown [GracefulShutdown.java:54] Commencing graceful shutdown. Waiting for active requests to complete
2025-03-17 23:37:26,745 INFO [tomcat-shutdown] o.s.b.w.e.t.GracefulShutdown [GracefulShutdown.java:76] Graceful shutdown complete
2025-03-17 23:37:26,800 INFO [SpringApplicationShutdownHook] o.s.o.j.LocalContainerEntityManagerFactoryBean [AbstractEntityManagerFactoryBean.java:660] Closing JPA EntityManagerFactory for persistence unit 'default'
2025-03-17 23:37:26,804 INFO [SpringApplicationShutdownHook] c.z.h.HikariDataSource [HikariDataSource.java:349] HikariPool-1 - Shutdown initiated...
2025-03-17 23:37:26,806 INFO [SpringApplicationShutdownHook] c.z.h.HikariDataSource [HikariDataSource.java:351] HikariPool-1 - Shutdown completed.
